2024-05-29 15:48:32 INFO     https://snamtest.ondemand.sas.com;GET_TOKEN_ELAPSED=491.594;
2024-05-29 15:48:45 WARNING  https://snamtest.ondemand.sas.com;NUM_COMPUTE_PODS=20;
2024-05-29 15:48:47 INFO     https://snamtest.ondemand.sas.com;SNM_PCT_USED=1;
2024-05-29 15:48:48 INFO     https://snamprodmp.ondemand.sas.com;GET_TOKEN_ELAPSED=31.536;
2024-05-29 15:49:01 INFO     https://snamprodmp.ondemand.sas.com;NUM_COMPUTE_PODS=5;
2024-05-29 15:49:04 WARNING  https://snamprodmp.ondemand.sas.com;SNM_PCT_USED=24;
2024-05-29 15:49:07 INFO     https://snamprodmp.ondemand.sas.com;CHECK_JOBS_HOURLY=13;OK
2024-05-29 15:49:09 INFO     https://snamprodukjob.ondemand.sas.com;GET_TOKEN_ELAPSED=474.255;
2024-05-29 15:49:22 ERROR    https://snamprodukjob.ondemand.sas.com;NUM_COMPUTE_PODS=130;
2024-05-29 15:49:25 INFO     https://snamprodukjob.ondemand.sas.com;SNM_PCT_USED=1;
2024-05-29 15:49:26 INFO     https://snamprodukjob.ondemand.sas.com;GET_JOBS_NOTFOUND=0;Nessun Job presente del tipo selezionato in jobsubmittedByApplication
2024-05-29 15:49:27 INFO     https://snamprodgerjob.ondemand.sas.com;GET_TOKEN_ELAPSED=17.347;
2024-05-29 15:49:40 ERROR    https://snamprodgerjob.ondemand.sas.com;NUM_COMPUTE_PODS=121;
2024-05-29 15:49:42 INFO     https://snamprodgerjob.ondemand.sas.com;SNM_PCT_USED=1;
2024-05-29 15:49:44 INFO     https://snamprodgerjob.ondemand.sas.com;CHECK_JOBS_HOURLY=13;OK
2024-05-29 16:35:33 INFO     https://snamtest.ondemand.sas.com;GET_TOKEN_ELAPSED=360.314;
2024-05-29 16:35:47 WARNING  https://snamtest.ondemand.sas.com;NUM_COMPUTE_PODS=20;
2024-05-29 16:35:50 INFO     https://snamtest.ondemand.sas.com;SNM_PCT_USED=1;
2024-05-29 16:35:51 INFO     https://snamprodmp.ondemand.sas.com;GET_TOKEN_ELAPSED=452.959;
2024-05-29 16:36:11 INFO     https://snamprodmp.ondemand.sas.com;NUM_COMPUTE_PODS=5;
2024-05-29 16:36:14 WARNING  https://snamprodmp.ondemand.sas.com;SNM_PCT_USED=24;
2024-05-29 16:36:17 INFO     https://snamprodmp.ondemand.sas.com;CHECK_JOBS_HOURLY=14;OK
2024-05-29 16:36:19 INFO     https://snamprodukjob.ondemand.sas.com;GET_TOKEN_ELAPSED=499.967;
2024-05-29 16:36:33 ERROR    https://snamprodukjob.ondemand.sas.com;NUM_COMPUTE_PODS=130;
2024-05-29 16:36:35 INFO     https://snamprodukjob.ondemand.sas.com;SNM_PCT_USED=1;
2024-05-29 16:36:37 INFO     https://snamprodukjob.ondemand.sas.com;GET_JOBS_NOTFOUND=0;Nessun Job presente del tipo selezionato in jobsubmittedByApplication
2024-05-29 16:36:38 INFO     https://snamprodgerjob.ondemand.sas.com;GET_TOKEN_ELAPSED=373.832;
2024-05-29 16:36:51 ERROR    https://snamprodgerjob.ondemand.sas.com;NUM_COMPUTE_PODS=121;
2024-05-29 16:36:54 INFO     https://snamprodgerjob.ondemand.sas.com;SNM_PCT_USED=1;
2024-05-29 16:36:59 INFO     https://snamprodgerjob.ondemand.sas.com;CHECK_JOBS_HOURLY=14;OK
2024-05-29 16:47:01 INFO     https://snamtest.ondemand.sas.com;GET_TOKEN_ELAPSED=394.228;
2024-05-29 16:47:15 WARNING  https://snamtest.ondemand.sas.com;NUM_COMPUTE_PODS=20;
2024-05-29 16:47:17 INFO     https://snamtest.ondemand.sas.com;SNM_PCT_USED=1;
2024-05-29 16:47:18 WARNING  https://snamprodmp.ondemand.sas.com;GET_TOKEN_ELAPSED=923.2;
2024-05-29 16:47:31 INFO     https://snamprodmp.ondemand.sas.com;NUM_COMPUTE_PODS=4;
2024-05-29 16:47:33 WARNING  https://snamprodmp.ondemand.sas.com;SNM_PCT_USED=24;
2024-05-29 16:47:36 INFO     https://snamprodmp.ondemand.sas.com;CHECK_JOBS_HOURLY=14;OK
2024-05-29 16:47:37 INFO     https://snamprodukjob.ondemand.sas.com;GET_TOKEN_ELAPSED=274.082;
2024-05-29 16:47:51 ERROR    https://snamprodukjob.ondemand.sas.com;NUM_COMPUTE_PODS=129;
2024-05-29 16:47:53 INFO     https://snamprodukjob.ondemand.sas.com;SNM_PCT_USED=1;
2024-05-29 16:47:54 INFO     https://snamprodukjob.ondemand.sas.com;GET_JOBS_NOTFOUND=0;Nessun Job presente del tipo selezionato in jobsubmittedByApplication
2024-05-29 16:47:55 WARNING  https://snamprodgerjob.ondemand.sas.com;GET_TOKEN_ELAPSED=956.851;
2024-05-29 16:48:08 ERROR    https://snamprodgerjob.ondemand.sas.com;NUM_COMPUTE_PODS=121;
2024-05-29 16:48:10 INFO     https://snamprodgerjob.ondemand.sas.com;SNM_PCT_USED=1;
2024-05-29 16:48:13 INFO     https://snamprodgerjob.ondemand.sas.com;CHECK_JOBS_HOURLY=14;OK
